0 info it worked if it ends with ok
1 verbose cli [ '/usr/bin/nodejs', '/usr/bin/npm', 'install', '-g', 'angular' ]
2 info using npm@3.5.2
3 info using node@v4.2.6
4 silly loadCurrentTree Starting
5 silly install loadCurrentTree
6 silly install readGlobalPackageData
7 silly fetchPackageMetaData angular
8 silly fetchNamedPackageData angular
9 silly mapToRegistry name angular
10 silly mapToRegistry using default registry
11 silly mapToRegistry registry https://registry.npmjs.org/
12 silly mapToRegistry uri https://registry.npmjs.org/angular
13 verbose request uri https://registry.npmjs.org/angular
14 verbose request no auth needed
15 info attempt registry request try #1 at 6:52:07 PM
16 verbose request id 76965acb20f1af75
17 verbose etag W/"b8efc0d4f2c71f5c4c07a586a61c3b57"
18 verbose lastModified Fri, 05 Oct 2018 04:04:12 GMT
19 http request GET https://registry.npmjs.org/angular
20 http 304 https://registry.npmjs.org/angular
21 verbose headers { date: 'Fri, 05 Oct 2018 23:52:07 GMT',
21 verbose headers   connection: 'keep-alive',
21 verbose headers   'set-cookie': [ '__cfduid=d2e799f08b6a531d67046307f0cca5cee1538783527; expires=Sat, 05-Oct-19 23:52:07 GMT; path=/; domain=.registry.npmjs.org; HttpOnly' ],
21 verbose headers   'cf-cache-status': 'HIT',
21 verbose headers   'cache-control': 'max-age=300',
21 verbose headers   'cf-ray': '4653ccd83ead4231-MSP',
21 verbose headers   etag: '"b8efc0d4f2c71f5c4c07a586a61c3b57"',
21 verbose headers   'expect-ct': 'max-age=604800, report-uri="https://report-uri.cloudflare.com/cdn-cgi/beacon/expect-ct"',
21 verbose headers   'last-modified': 'Fri, 05 Oct 2018 04:04:12 GMT',
21 verbose headers   vary: 'accept-encoding, accept',
21 verbose headers   'x-amz-meta-rev': '662-e733037d89e7c0a0361bbd03049fe8a6',
21 verbose headers   server: 'cloudflare' }
22 silly get cb [ 304,
22 silly get   { date: 'Fri, 05 Oct 2018 23:52:07 GMT',
22 silly get     connection: 'keep-alive',
22 silly get     'set-cookie': [ '__cfduid=d2e799f08b6a531d67046307f0cca5cee1538783527; expires=Sat, 05-Oct-19 23:52:07 GMT; path=/; domain=.registry.npmjs.org; HttpOnly' ],
22 silly get     'cf-cache-status': 'HIT',
22 silly get     'cache-control': 'max-age=300',
22 silly get     'cf-ray': '4653ccd83ead4231-MSP',
22 silly get     etag: '"b8efc0d4f2c71f5c4c07a586a61c3b57"',
22 silly get     'expect-ct': 'max-age=604800, report-uri="https://report-uri.cloudflare.com/cdn-cgi/beacon/expect-ct"',
22 silly get     'last-modified': 'Fri, 05 Oct 2018 04:04:12 GMT',
22 silly get     vary: 'accept-encoding, accept',
22 silly get     'x-amz-meta-rev': '662-e733037d89e7c0a0361bbd03049fe8a6',
22 silly get     server: 'cloudflare' } ]
23 verbose etag https://registry.npmjs.org/angular from cache
24 verbose get saving angular to /home/allen/.npm/registry.npmjs.org/angular/.cache.json
25 silly install normalizeTree
26 silly loadCurrentTree Finishing
27 silly loadIdealTree Starting
28 silly install loadIdealTree
29 silly cloneCurrentTree Starting
30 silly install cloneCurrentTreeToIdealTree
31 silly cloneCurrentTree Finishing
32 silly loadShrinkwrap Starting
33 silly install loadShrinkwrap
34 silly loadShrinkwrap Finishing
35 silly loadAllDepsIntoIdealTree Starting
36 silly install loadAllDepsIntoIdealTree
37 silly resolveWithNewModule angular@1.7.5 checking installable status
38 silly cache add args [ 'angular', null ]
39 verbose cache add spec angular
40 silly cache add parsed spec Result {
40 silly cache add   raw: 'angular',
40 silly cache add   scope: null,
40 silly cache add   name: 'angular',
40 silly cache add   rawSpec: '',
40 silly cache add   spec: 'latest',
40 silly cache add   type: 'tag' }
41 silly addNamed angular@latest
42 verbose addNamed "latest" is being treated as a dist-tag for angular
43 info addNameTag [ 'angular', 'latest' ]
44 silly mapToRegistry name angular
45 silly mapToRegistry using default registry
46 silly mapToRegistry registry https://registry.npmjs.org/
47 silly mapToRegistry uri https://registry.npmjs.org/angular
48 verbose addNameTag registry:https://registry.npmjs.org/angular not in flight; fetching
49 verbose get https://registry.npmjs.org/angular not expired, no request
50 silly addNameTag next cb for angular with tag latest
51 silly addNamed angular@1.7.5
52 verbose addNamed "1.7.5" is a plain semver version for angular
53 silly cache afterAdd angular@1.7.5
54 verbose afterAdd /home/allen/.npm/angular/1.7.5/package/package.json not in flight; writing
55 verbose afterAdd /home/allen/.npm/angular/1.7.5/package/package.json written
56 silly loadAllDepsIntoIdealTree Finishing
57 silly idealTree:prePrune lib
57 silly idealTree:prePrune └── angular@1.7.5
58 silly loadIdealTree Finishing
59 silly currentTree lib
60 silly idealTree lib
60 silly idealTree └── angular@1.7.5
61 silly generateActionsToTake Starting
62 silly install generateActionsToTake
63 warn checkPermissions Missing write access to /usr/local/lib/node_modules
64 silly rollbackFailedOptional Starting
65 silly rollbackFailedOptional Finishing
66 silly runTopLevelLifecycles Starting
67 silly runTopLevelLifecycles Finishing
68 silly install printInstalled
69 verbose stack Error: EACCES: permission denied, access '/usr/local/lib/node_modules'
69 verbose stack     at Error (native)
70 verbose cwd /home/allen/Dropbox/cs490/static
71 error Linux 4.17.10-041710-generic
72 error argv "/usr/bin/nodejs" "/usr/bin/npm" "install" "-g" "angular"
73 error node v4.2.6
74 error npm  v3.5.2
75 error path /usr/local/lib/node_modules
76 error code EACCES
77 error errno -13
78 error syscall access
79 error Error: EACCES: permission denied, access '/usr/local/lib/node_modules'
79 error     at Error (native)
79 error  { [Error: EACCES: permission denied, access '/usr/local/lib/node_modules']
79 error   errno: -13,
79 error   code: 'EACCES',
79 error   syscall: 'access',
79 error   path: '/usr/local/lib/node_modules' }
80 error Please try running this command again as root/Administrator.
81 verbose exit [ -13, true ]
